# JRE version: OpenJDK Runtime Environment (8.0_171-b11) (build 1.8.0_171-8u171-b11-2-b11)
# Java VM: OpenJDK 64-Bit Server VM (25.171-b11 mixed mode linux-amd64 compressed oops)
Heap:
 PSYoungGen      total 231936K, used 191455K [0x00000000d6f80000, 0x00000000e6880000, 0x0000000100000000)
  eden space 223232K, 81% used [0x00000000d6f80000,0x00000000e221b280,0x00000000e4980000)
  from space 8704K, 98% used [0x00000000e6000000,0x00000000e685ccb0,0x00000000e6880000)
  to   space 12288K, 0% used [0x00000000e5080000,0x00000000e5080000,0x00000000e5c80000)
 ParOldGen       total 75264K, used 13825K [0x0000000084e00000, 0x0000000089780000, 0x00000000d6f80000)
  object space 75264K, 18% used [0x0000000084e00000,0x0000000085b80760,0x0000000089780000)
 Metaspace       used 44946K, capacity 46748K, committed 46976K, reserved 1089536K
  class space    used 5651K, capacity 5972K, committed 6016K, reserved 1048576K
GC Heap History (10 events):
Event: 2.955 GC heap before
{Heap before GC invocations=8 (full 1):
 PSYoungGen      total 111104K, used 110690K [0x00000000d6f80000, 0x00000000dfa80000, 0x0000000100000000)
  eden space 103936K, 100% used [0x00000000d6f80000,0x00000000dd500000,0x00000000dd500000)
  from space 7168K, 94% used [0x00000000df380000,0x00000000dfa18b60,0x00000000dfa80000)
  to   space 8704K, 0% used [0x00000000de980000,0x00000000de980000,0x00000000df200000)
 ParOldGen       total 53760K, used 8274K [0x0000000084e00000, 0x0000000088280000, 0x00000000d6f80000)
  object space 53760K, 15% used [0x0000000084e00000,0x0000000085614890,0x0000000088280000)
 Metaspace       used 28084K, capacity 28932K, committed 29056K, reserved 1075200K
  class space    used 3527K, capacity 3706K, committed 3712K, reserved 1048576K
Event: 2.966 GC heap after
Heap after GC invocations=8 (full 1):
 PSYoungGen      total 133632K, used 8682K [0x00000000d6f80000, 0x00000000e2580000, 0x0000000100000000)
  eden space 124928K, 0% used [0x00000000d6f80000,0x00000000d6f80000,0x00000000de980000)
  from space 8704K, 99% used [0x00000000de980000,0x00000000df1fab38,0x00000000df200000)
  to   space 10240K, 0% used [0x00000000e1b80000,0x00000000e1b80000,0x00000000e2580000)
 ParOldGen       total 53760K, used 9332K [0x0000000084e00000, 0x0000000088280000, 0x00000000d6f80000)
  object space 53760K, 17% used [0x0000000084e00000,0x000000008571d2a0,0x0000000088280000)
 Metaspace       used 28084K, capacity 28932K, committed 29056K, reserved 1075200K
  class space    used 3527K, capacity 3706K, committed 3712K, reserved 1048576K
}
Event: 3.910 GC heap before
{Heap before GC invocations=9 (full 1):
 PSYoungGen      total 133632K, used 133610K [0x00000000d6f80000, 0x00000000e2580000, 0x0000000100000000)
  eden space 124928K, 100% used [0x00000000d6f80000,0x00000000de980000,0x00000000de980000)
  from space 8704K, 99% used [0x00000000de980000,0x00000000df1fab38,0x00000000df200000)
  to   space 10240K, 0% used [0x00000000e1b80000,0x00000000e1b80000,0x00000000e2580000)
 ParOldGen       total 53760K, used 9332K [0x0000000084e00000, 0x0000000088280000, 0x00000000d6f80000)
  object space 53760K, 17% used [0x0000000084e00000,0x000000008571d2a0,0x0000000088280000)
 Metaspace       used 33789K, capacity 34836K, committed 34944K, reserved 1079296K
  class space    used 4212K, capacity 4452K, committed 4480K, reserved 1048576K
Event: 3.919 GC heap after
Heap after GC invocations=9 (full 1):
 PSYoungGen      total 174080K, used 10239K [0x00000000d6f80000, 0x00000000e4500000, 0x0000000100000000)
  eden space 163840K, 0% used [0x00000000d6f80000,0x00000000d6f80000,0x00000000e0f80000)
  from space 10240K, 99% used [0x00000000e1b80000,0x00000000e257fcc8,0x00000000e2580000)
  to   space 12288K, 0% used [0x00000000e0f80000,0x00000000e0f80000,0x00000000e1b80000)
 ParOldGen       total 53760K, used 10890K [0x0000000084e00000, 0x0000000088280000, 0x00000000d6f80000)
  object space 53760K, 20% used [0x0000000084e00000,0x00000000858a28d0,0x0000000088280000)
 Metaspace       used 33789K, capacity 34836K, committed 34944K, reserved 1079296K
  class space    used 4212K, capacity 4452K, committed 4480K, reserved 1048576K
}
Event: 4.021 GC heap before
{Heap before GC invocations=10 (full 1):
 PSYoungGen      total 174080K, used 23737K [0x00000000d6f80000, 0x00000000e4500000, 0x0000000100000000)
  eden space 163840K, 8% used [0x00000000d6f80000,0x00000000d7cae790,0x00000000e0f80000)
  from space 10240K, 99% used [0x00000000e1b80000,0x00000000e257fcc8,0x00000000e2580000)
  to   space 12288K, 0% used [0x00000000e0f80000,0x00000000e0f80000,0x00000000e1b80000)
 ParOldGen       total 53760K, used 10890K [0x0000000084e00000, 0x0000000088280000, 0x00000000d6f80000)
  object space 53760K, 20% used [0x0000000084e00000,0x00000000858a28d0,0x0000000088280000)
 Metaspace       used 34202K, capacity 35216K, committed 35416K, reserved 1081344K
  class space    used 4261K, capacity 4489K, committed 4608K, reserved 1048576K
Event: 4.034 GC heap after
Heap after GC invocations=10 (full 1):
 PSYoungGen      total 176128K, used 7440K [0x00000000d6f80000, 0x00000000e6c00000, 0x0000000100000000)
  eden space 163840K, 0% used [0x00000000d6f80000,0x00000000d6f80000,0x00000000e0f80000)
  from space 12288K, 60% used [0x00000000e0f80000,0x00000000e16c4010,0x00000000e1b80000)
  to   space 12288K, 0% used [0x00000000e6000000,0x00000000e6000000,0x00000000e6c00000)
 ParOldGen       total 53760K, used 13270K [0x0000000084e00000, 0x0000000088280000, 0x00000000d6f80000)
  object space 53760K, 24% used [0x0000000084e00000,0x0000000085af5920,0x0000000088280000)
 Metaspace       used 34202K, capacity 35216K, committed 35416K, reserved 1081344K
  class space    used 4261K, capacity 4489K, committed 4608K, reserved 1048576K
}
Event: 4.034 GC heap before
{Heap before GC invocations=11 (full 2):
 PSYoungGen      total 176128K, used 7440K [0x00000000d6f80000, 0x00000000e6c00000, 0x0000000100000000)
  eden space 163840K, 0% used [0x00000000d6f80000,0x00000000d6f80000,0x00000000e0f80000)
  from space 12288K, 60% used [0x00000000e0f80000,0x00000000e16c4010,0x00000000e1b80000)
  to   space 12288K, 0% used [0x00000000e6000000,0x00000000e6000000,0x00000000e6c00000)
 ParOldGen       total 53760K, used 13270K [0x0000000084e00000, 0x0000000088280000, 0x00000000d6f80000)
  object space 53760K, 24% used [0x0000000084e00000,0x0000000085af5920,0x0000000088280000)
 Metaspace       used 34202K, capacity 35216K, committed 35416K, reserved 1081344K
  class space    used 4261K, capacity 4489K, committed 4608K, reserved 1048576K
Event: 4.101 GC heap after
Heap after GC invocations=11 (full 2):
 PSYoungGen      total 176128K, used 0K [0x00000000d6f80000, 0x00000000e6c00000, 0x0000000100000000)
  eden space 163840K, 0% used [0x00000000d6f80000,0x00000000d6f80000,0x00000000e0f80000)
  from space 12288K, 0% used [0x00000000e0f80000,0x00000000e0f80000,0x00000000e1b80000)
  to   space 12288K, 0% used [0x00000000e6000000,0x00000000e6000000,0x00000000e6c00000)
 ParOldGen       total 75264K, used 13817K [0x0000000084e00000, 0x0000000089780000, 0x00000000d6f80000)
  object space 75264K, 18% used [0x0000000084e00000,0x0000000085b7e760,0x0000000089780000)
 Metaspace       used 34202K, capacity 35216K, committed 35416K, reserved 1081344K
  class space    used 4261K, capacity 4489K, committed 4608K, reserved 1048576K
}
Event: 5.086 GC heap before
{Heap before GC invocations=12 (full 2):
 PSYoungGen      total 176128K, used 163840K [0x00000000d6f80000, 0x00000000e6c00000, 0x0000000100000000)
  eden space 163840K, 100% used [0x00000000d6f80000,0x00000000e0f80000,0x00000000e0f80000)
  from space 12288K, 0% used [0x00000000e0f80000,0x00000000e0f80000,0x00000000e1b80000)
  to   space 12288K, 0% used [0x00000000e6000000,0x00000000e6000000,0x00000000e6c00000)
 ParOldGen       total 75264K, used 13817K [0x0000000084e00000, 0x0000000089780000, 0x00000000d6f80000)
  object space 75264K, 18% used [0x0000000084e00000,0x0000000085b7e760,0x0000000089780000)
 Metaspace       used 37409K, capacity 38856K, committed 39040K, reserved 1083392K
  class space    used 4678K, capacity 4949K, committed 4992K, reserved 1048576K
Event: 5.097 GC heap after
Heap after GC invocations=12 (full 2):
 PSYoungGen      total 231936K, used 8563K [0x00000000d6f80000, 0x00000000e6880000, 0x0000000100000000)
  eden space 223232K, 0% used [0x00000000d6f80000,0x00000000d6f80000,0x00000000e4980000)
  from space 8704K, 98% used [0x00000000e6000000,0x00000000e685ccb0,0x00000000e6880000)
  to   space 12288K, 0% used [0x00000000e5080000,0x00000000e5080000,0x00000000e5c80000)
 ParOldGen       total 75264K, used 13825K [0x0000000084e00000, 0x0000000089780000, 0x00000000d6f80000)
  object space 75264K, 18% used [0x0000000084e00000,0x0000000085b80760,0x0000000089780000)
 Metaspace       used 37409K, capacity 38856K, committed 39040K, reserved 1083392K
  class space    used 4678K, capacity 4949K, committed 4992K, reserved 1048576K
}

